<?xml version="1.0" encoding="UTF-8"?>
<!-- Generated by org.testng.reporters.JUnitXMLReporter -->
<testsuite ignored="0" hostname="DESKTOP-Q4RLJUB" failures="0" tests="2" name="Default test" time="13.775" errors="0" timestamp="2023-10-10T12:50:42 IST">
  <testcase classname="com.noCommerceVFinal.testcases.TC_RegisterationPageTest" name="verifyRegistrationAndLogin" time="3.724"/>
  <testcase classname="com.noCommerceVFinal.testcases.TC_RegisterationPageTest" name="verifyLogin" time="5.06"/>
</testsuite> <!-- Default test -->
