<?xml version="1.0" encoding="UTF-8"?>
<!-- Generated by org.testng.reporters.JUnitXMLReporter -->
<testsuite ignored="1" hostname="DESKTOP-Q4RLJUB" failures="1" tests="1" name="Test" time="5.408" errors="0" timestamp="2023-08-21T11:21:39 IST">
  <testcase classname="com.noCommerceVFinal.testcases.TC_RegisterationPageDataDrivenTesting" name="verifyLogin" time="0.0">
    <failure type="java.lang.RuntimeException" message="java.lang.NegativeArraySizeException: -1">
      <![CDATA[java.lang.RuntimeException: java.lang.NegativeArraySizeException: -1
at java.base/java.util.ArrayList.forEach(ArrayList.java:1511)
Caused by: java.lang.NegativeArraySizeException: -1
at com.noCommerceVFinal.testcases.TC_RegisterationPageDataDrivenTesting.loginDataProvider(TC_RegisterationPageDataDrivenTesting.java:122)
... 25 more
... Removed 30 stack frames]]>
    </failure>
  </testcase> <!-- verifyLogin -->
  <testcase classname="com.noCommerceVFinal.testcases.TC_RegisterationPageDataDrivenTesting" name="verifyRegistrationAndLogin" time="0.0">
    <ignored/>
  </testcase> <!-- verifyRegistrationAndLogin -->
</testsuite> <!-- Test -->
