<?xml version="1.0" encoding="UTF-8"?>
<testng-results ignored="0" total="2" passed="2" failed="0" skipped="0">
  <reporter-output>
  </reporter-output>
  <suite started-at="2023-10-10T12:50:28 IST" name="Default suite" finished-at="2023-10-10T12:50:42 IST" duration-ms="13775">
    <groups>
    </groups>
    <test started-at="2023-10-10T12:50:28 IST" name="Default test" finished-at="2023-10-10T12:50:42 IST" duration-ms="13775">
      <class name="com.noCommerceVFinal.testcases.TC_RegisterationPageTest">
        <test-method is-config="true" signature="setup()[pri:0, instance:com.noCommerceVFinal.testcases.TC_RegisterationPageTest@765d7657]" started-at="2023-10-10T12:50:28 IST" name="setup" finished-at="2023-10-10T12:50:33 IST" duration-ms="4665" status="PASS">
          <reporter-output>
          </reporter-output>
        </test-method> <!-- setup -->
        <test-method signature="verifyRegistrationAndLogin()[pri:1, instance:com.noCommerceVFinal.testcases.TC_RegisterationPageTest@765d7657]" started-at="2023-10-10T12:50:33 IST" name="verifyRegistrationAndLogin" finished-at="2023-10-10T12:50:37 IST" duration-ms="3724" status="PASS">
          <reporter-output>
          </reporter-output>
        </test-method> <!-- verifyRegistrationAndLogin -->
        <test-method signature="verifyLogin()[pri:2, instance:com.noCommerceVFinal.testcases.TC_RegisterationPageTest@765d7657]" started-at="2023-10-10T12:50:37 IST" name="verifyLogin" finished-at="2023-10-10T12:50:42 IST" duration-ms="5060" status="PASS">
          <reporter-output>
          </reporter-output>
        </test-method> <!-- verifyLogin -->
        <test-method is-config="true" signature="tearDown()[pri:0, instance:com.noCommerceVFinal.testcases.TC_RegisterationPageTest@765d7657]" started-at="2023-10-10T12:50:42 IST" name="tearDown" finished-at="2023-10-10T12:50:42 IST" duration-ms="283" status="PASS">
          <reporter-output>
          </reporter-output>
        </test-method> <!-- tearDown -->
      </class> <!-- com.noCommerceVFinal.testcases.TC_RegisterationPageTest -->
    </test> <!-- Default test -->
  </suite> <!-- Default suite -->
</testng-results>
